[debug] [2023-12-09T21:52:52.599Z] ----------------------------------------------------------------------
[debug] [2023-12-09T21:52:52.604Z] Command:       C:\Program Files\nodejs\node.exe C:\Users\hp\AppData\Roaming\npm\node_modules\firebase-tools\lib\bin\firebase.js projects:list --json
[debug] [2023-12-09T21:52:52.605Z] CLI Version:   13.0.1
[debug] [2023-12-09T21:52:52.606Z] Platform:      win32
[debug] [2023-12-09T21:52:52.606Z] Node Version:  v20.10.0
[debug] [2023-12-09T21:52:52.606Z] Time:          Sat Dec 09 2023 23:52:52 GMT+0200 (Eastern European Standard Time)
[debug] [2023-12-09T21:52:52.607Z] ----------------------------------------------------------------------
[debug] 
[debug] [2023-12-09T21:52:52.612Z] >>> [apiv2][query] GET https://firebase-public.firebaseio.com/cli.json [none]
[debug] [2023-12-09T21:52:52.708Z] > command requires scopes: ["email","openid","https://www.googleapis.com/auth/cloudplatformprojects.readonly","https://www.googleapis.com/auth/firebase","https://www.googleapis.com/auth/cloud-platform"]
[debug] [2023-12-09T21:52:52.708Z] > authorizing via signed-in user (kamalemad2002@gmail.com)
[debug] [2023-12-09T21:52:52.713Z] > refreshing access token with scopes: []
[debug] [2023-12-09T21:52:52.714Z] >>> [apiv2][query] POST https://www.googleapis.com/oauth2/v3/token [none]
[debug] [2023-12-09T21:52:52.714Z] >>> [apiv2][body] POST https://www.googleapis.com/oauth2/v3/token [omitted]
[debug] [2023-12-09T21:52:52.728Z] *** [apiv2] error from fetch(https://firebase-public.firebaseio.com/cli.json, {"headers":{},"method":"GET"}): FetchError: request to https://firebase-public.firebaseio.com/cli.json failed, reason: getaddrinfo ENOTFOUND firebase-public.firebaseio.com
[warn] !  Unable to fetch the CLI MOTD and remote config. This is not a fatal error, but may indicate an issue with your network connection. 
[debug] [2023-12-09T21:52:52.729Z] Failed to fetch MOTD FirebaseError: Failed to make request to https://firebase-public.firebaseio.com/cli.json
[debug] [2023-12-09T21:52:52.730Z] *** [apiv2] error from fetch(https://www.googleapis.com/oauth2/v3/token, {"headers":{},"method":"POST","body":{"_overheadLength":545,"_valueLength":212,"_valuesToMeasure":[],"writable":false,"readable":true,"dataSize":0,"maxDataSize":2097152,"pauseStreams":true,"_released":true,"_streams":[],"_currentStream":null,"_insideLoop":false,"_pendingNext":false,"_boundary":"--------------------------456134636757620360235748","_events":{},"_eventsCount":1}}): FetchError: request to https://www.googleapis.com/oauth2/v3/token failed, reason: getaddrinfo ENOTFOUND www.googleapis.com
[debug] [2023-12-09T21:52:52.731Z] Authentication Error: Your credentials are no longer valid. Please run firebase login --reauth

For CI servers and headless environments, generate a new token with firebase login:ci
[debug] [2023-12-09T21:52:52.745Z] FirebaseError: Authentication Error: Your credentials are no longer valid. Please run firebase login --reauth

For CI servers and headless environments, generate a new token with firebase login:ci
    at invalidCredentialError (C:\Users\hp\AppData\Roaming\npm\node_modules\firebase-tools\lib\auth.js:142:12)
    at refreshTokens (C:\Users\hp\AppData\Roaming\npm\node_modules\firebase-tools\lib\auth.js:506:15)
    at process.processTicksAndRejections (node:internal/process/task_queues:95:5)
    at async Client.getAccessToken (C:\Users\hp\AppData\Roaming\npm\node_modules\firebase-tools\lib\apiv2.js:156:22)
    at async Client.addAuthHeader (C:\Users\hp\AppData\Roaming\npm\node_modules\firebase-tools\lib\apiv2.js:147:21)
    at async Client.request (C:\Users\hp\AppData\Roaming\npm\node_modules\firebase-tools\lib\apiv2.js:103:34)
    at async getProjectPage (C:\Users\hp\AppData\Roaming\npm\node_modules\firebase-tools\lib\management\projects.js:238:17)
    at async getFirebaseProjectPage (C:\Users\hp\AppData\Roaming\npm\node_modules\firebase-tools\lib\management\projects.js:255:23)
    at async listFirebaseProjects (C:\Users\hp\AppData\Roaming\npm\node_modules\firebase-tools\lib\management\projects.js:286:29)
    at async Command.actionFn (C:\Users\hp\AppData\Roaming\npm\node_modules\firebase-tools\lib\commands\projects-list.js:51:20)
[error] 
[error] Error: Failed to list Firebase projects. See firebase-debug.log for more info.
